Harvest start: 2016-03-16 11:31:18
2016-03-16 11:31:19	MEL:  	726
2016-03-16 11:32:35	HO:   	0
2016-03-16 11:32:35	MELU: 	0
2016-03-16 11:32:37	LTB:  	0
2016-03-16 11:32:38	AD:   	1296
2016-03-16 11:33:44	PERTH:	Provider can't be accessed
2016-03-16 11:33:45	DNA:  	160
2016-03-16 11:34:20	CANB: 	0
2016-03-16 11:34:21	CNS:  	0
2016-03-16 11:34:24	JCT:  	0
2016-03-16 11:34:26	NE:   	89
2016-03-16 11:34:51	NSW:  	6546
Archive created: 2016-03-16 12:25:59
Harvest complete: 2016-03-16 12:25:59


Harvest start: 2018-09-05 16:53:12
2018-09-05 16:53:17	MEL:  	11470
2018-09-05 17:03:07	HO:   	0
2018-09-05 17:03:07	MELU: 	Provider can't be accessed
2018-09-05 17:03:08	LTB:  	218
2018-09-05 17:03:17	AD:   	0
2018-09-05 17:03:18	PERTH:	7835
2018-09-05 17:06:16	DNA:  	1110
2018-09-05 17:07:39	CANB: 	8678
2018-09-05 17:20:21	CNS:  	803
2018-09-05 17:21:30	JCT:  	158
2018-09-05 17:22:02	NSW:  	36662
Archive created: 2018-09-05 20:52:20
Harvest complete: 2018-09-05 20:52:20


Harvest start: 2018-09-20 13:57:57
2018-09-20 13:57:58	MEL:  	2372
2018-09-20 13:59:59	HO:   	0
2018-09-20 13:59:59	MELU: 	Provider can't be accessed
2018-09-20 14:00:00	LTB:  	0
2018-09-20 14:00:01	AD:   	0
2018-09-20 14:00:02	PERTH:	3440
2018-09-20 14:01:55	DNA:  	1991
2018-09-20 14:04:55	CANB: 	3625
2018-09-20 14:09:00	CNS:  	154
	100	XML can't be loaded
	Filter: <greaterThan path="/DataSets/DataSet/Units/Unit/DateLastEdited">2018-09-04 22:21:46</greaterThan>
2018-09-20 14:09:31	JCT:  	16
2018-09-20 14:09:33	NE:   	Provider can't be accessed
2018-09-20 14:09:33	NSW:  	Provider can't be accessed
Archive created: 2018-09-20 14:09:37
Harvest complete: 2018-09-20 14:09:37

Harvest start: 2018-10-10 12:35:37
2018-10-10 12:35:37	MEL:  	Provider can't be accessed
2018-10-10 12:35:37	HO:   	Provider can't be accessed
2018-10-10 12:35:37	MELU: 	Provider can't be accessed
2018-10-10 12:35:37	LTB:  	Provider can't be accessed
2018-10-10 12:35:38	AD:   	0
2018-10-10 12:35:38	PERTH:	2307
Harvest start: 2018-10-10 12:37:02
2018-10-10 12:37:02	MEL:  	Provider can't be accessed
Harvest start: 2018-10-10 12:48:02
2018-10-10 12:48:23	MEL:  	Provider can't be accessed
Harvest start: 2018-10-10 12:50:25
2018-10-10 12:50:25	MEL:  	Provider can't be accessed
Harvest start: 2019-02-06 13:57:12
2019-02-06 13:57:13	MELU: 	Provider can't be accessed
2019-02-06 13:57:13	NE:   	Provider can't be accessed
2019-02-06 13:57:13	NSW:  	Provider can't be accessed
Archive created: 2019-02-06 13:57:13
Harvest complete: 2019-02-06 13:57:13


Harvest start: 2019-12-16 16:20:42
2019-12-16 16:20:43	MELU: 	Provider can't be accessed
2019-12-16 16:20:44	NE:   	Provider can't be accessed
2019-12-16 16:20:47	NSW:  	41246
Harvest start: 2019-12-16 16:22:53
2019-12-16 16:23:09	MEL:  	12554
Harvest start: 2019-12-16 16:27:47
2019-12-16 16:27:47	MEL:  	12554
2019-12-16 16:39:23	HO:   	0
2019-12-16 16:39:24	AD:   	8836
2019-12-16 16:47:09	PERTH:	10291
2019-12-16 16:51:14	DNA:  	2217
2019-12-16 16:54:23	CANB: 	6565
2019-12-16 17:02:55	CNS:  	4451
2019-12-16 17:08:09	JCT:  	443
2019-12-16 17:08:26	NSW:  	41246
Archive created: 2019-12-16 17:27:33
Harvest complete: 2019-12-16 17:27:33


Harvest start: 2020-01-13 14:47:02
2020-01-13 14:47:09	MEL:  	2933
2020-01-13 14:50:29	AD:   	0
2020-01-13 14:50:29	PERTH:	6531
2020-01-13 14:54:13	DNA:  	298
2020-01-13 14:54:49	CANB: 	1224
2020-01-13 14:56:41	CNS:  	755
2020-01-13 14:57:40	JCT:  	131
2020-01-13 14:57:46	NSW:  	8262
Archive created: 2020-01-13 15:02:29
Harvest complete: 2020-01-13 15:02:29


Harvest start: 2020-02-20 13:27:03
2020-02-20 13:27:35	MEL:  	6586
Harvest start: 2020-02-20 13:30:26
2020-02-20 13:30:26	MEL:  	6590
2020-02-20 13:41:27	AD:   	0
2020-02-20 13:41:27	PERTH:	6199
2020-02-20 13:43:55	DNA:  	976
2020-02-20 13:45:11	CANB: 	5491
2020-02-20 13:52:27	CNS:  	745
2020-02-20 13:53:20	JCT:  	188
2020-02-20 13:53:28	NSW:  	8512
Archive created: 2020-02-20 13:58:30
Harvest complete: 2020-02-20 13:58:30


Harvest start: 2020-02-28 13:38:13
2020-02-28 13:38:15	MEL:  	1504
2020-02-28 13:39:41	AD:   	0
2020-02-28 13:39:42	PERTH:	1645
2020-02-28 13:40:33	DNA:  	259
2020-02-28 13:41:00	CANB: 	1353
2020-02-28 13:42:48	CNS:  	187
2020-02-28 13:43:02	JCT:  	40
2020-02-28 13:43:04	NSW:  	3375
Archive created: 2020-02-28 13:45:07
Harvest complete: 2020-02-28 13:45:07


Harvest start: 2020-03-10 14:33:15
2020-03-10 14:33:20	MEL:  	2433
2020-03-10 14:36:03	AD:   	0
2020-03-10 14:36:04	PERTH:	3287
2020-03-10 14:37:30	DNA:  	101
2020-03-10 14:37:40	CANB: 	802
2020-03-10 14:38:45	CNS:  	81
2020-03-10 14:38:50	JCT:  	34
2020-03-10 14:38:53	NSW:  	1607
Archive created: 2020-03-10 14:39:59
Harvest complete: 2020-03-10 14:39:59


Harvest start: 2020-03-26 11:15:03
2020-03-26 11:15:05	MEL:  	2801
2020-03-26 11:17:34	PERTH:	1920
2020-03-26 11:18:22	DNA:  	496
2020-03-26 11:18:58	CANB: 	1428
2020-03-26 11:21:12	CNS:  	952
2020-03-26 11:22:18	JCT:  	85
2020-03-26 11:22:23	NSW:  	5446
Archive created: 2020-03-26 11:25:53
Harvest complete: 2020-03-26 11:25:53


